2026-06-03 06:02:40.396: [INFO] VisibilityChanged: 0
2026-06-03 06:02:40.452: [INFO] RecordSyncInitDuration has_sync_been_enabled: 0 state: 0
2026-06-03 06:02:40.453: [INFO] RecordSyncInitDuration has_sync_been_enabled: 0 state: 0
2026-06-03 06:02:40.454: [INFO] RecordSyncInitDuration has_sync_been_enabled: 0 state: 0
2026-06-03 06:02:40.457: [INFO] RecordSyncInitDuration has_sync_been_enabled: 0 state: 0
2026-06-03 06:02:40.458: [INFO] RecordSyncInitDuration has_sync_been_enabled: 0 state: 0
2026-06-03 06:02:40.459: [INFO] RecordSyncInitDuration has_sync_been_enabled: 0 state: 0
2026-06-03 06:02:40.460: [INFO] RecordSyncInitDuration has_sync_been_enabled: 0 state: 0
2026-06-03 06:02:40.463: [INFO] RecordSyncInitDuration has_sync_been_enabled: 0 state: 0
2026-06-03 06:02:40.464: [INFO] RecordSyncInitDuration has_sync_been_enabled: 0 state: 0
2026-06-03 06:02:40.466: [INFO] RecordSyncInitDuration has_sync_been_enabled: 0 state: 0
2026-06-03 06:02:40.468: [INFO] RecordSyncInitDuration has_sync_been_enabled: 0 state: 0
2026-06-03 06:02:40.470: [INFO] RecordSyncInitDuration has_sync_been_enabled: 0 state: 0
2026-06-03 06:02:40.488: [INFO] BookmarkModelLoaded, ids_reassigned: 0
2026-06-03 06:02:40.488: [INFO] OnDoneLoading sync enabled: 0
2026-06-03 06:02:40.584: [INFO] RecordSyncInitDuration has_sync_been_enabled: 0 state: 0
2026-06-03 06:02:42.905: [INFO] RecordSyncInitDuration has_sync_been_enabled: 0 state: 0
2026-06-03 06:02:42.909: [INFO] RecordSyncInitDuration has_sync_been_enabled: 0 state: 3
2026-06-03 06:02:42.913: [INFO] Primary account changed.
2026-06-03 06:02:42.913: [INFO] OnPrimaryAccountChanged PrimaryAccountChangeEvent::Type::kSet
2026-06-03 06:02:42.918: [INFO] RecordSyncInitDuration has_sync_been_enabled: 0 state: 3
2026-06-03 06:02:42.934: [INFO] RecordSyncInitDuration has_sync_been_enabled: 0 state: 3
2026-06-03 06:02:45.114: [INFO] VisibilityChanged: 1
2026-06-03 06:02:45.302: [INFO] BookmarkNodeAdded, ABU: 0
2026-06-03 06:02:45.304: [INFO] BookmarkNodeAdded, ABU: 0
2026-06-03 06:02:45.304: [INFO] BookmarkNodeAdded, ABU: 0
2026-06-03 06:02:45.306: [INFO] BookmarkNodeAdded, ABU: 0
2026-06-03 06:02:45.307: [INFO] BookmarkNodeAdded, ABU: 0
2026-06-03 06:02:45.308: [INFO] BookmarkNodeAdded, ABU: 0
2026-06-03 06:02:45.310: [INFO] BookmarkNodeAdded, ABU: 0
2026-06-03 06:02:45.312: [INFO] BookmarkNodeAdded, ABU: 0
2026-06-03 06:02:45.313: [INFO] BookmarkNodeAdded, ABU: 0
2026-06-03 06:02:45.315: [INFO] BookmarkNodeAdded, ABU: 0
2026-06-03 06:02:45.316: [INFO] BookmarkNodeAdded, ABU: 0
2026-06-03 06:02:45.317: [INFO] BookmarkNodeAdded, ABU: 0
2026-06-03 06:02:45.318: [INFO] BookmarkNodeAdded, ABU: 0
2026-06-03 06:02:45.319: [INFO] BookmarkNodeAdded, ABU: 0
2026-06-03 06:02:45.319: [INFO] BookmarkNodeAdded, ABU: 0
2026-06-03 06:02:45.320: [INFO] BookmarkNodeAdded, ABU: 0
2026-06-03 06:02:45.321: [INFO] BookmarkNodeAdded, ABU: 0
2026-06-03 06:02:45.322: [INFO] BookmarkNodeAdded, ABU: 0
2026-06-03 06:02:45.323: [INFO] BookmarkNodeAdded, ABU: 0
2026-06-03 06:02:45.324: [INFO] BookmarkNodeAdded, ABU: 0
2026-06-03 06:02:45.325: [INFO] BookmarkNodeAdded, ABU: 0
2026-06-03 06:02:45.326: [INFO] BookmarkNodeAdded, ABU: 0
2026-06-03 06:02:45.326: [INFO] BookmarkNodeAdded, ABU: 0
2026-06-03 06:02:45.327: [INFO] BookmarkNodeAdded, ABU: 0
2026-06-03 06:02:45.329: [INFO] BookmarkNodeAdded, ABU: 0
2026-06-03 06:02:45.758: [INFO] Sync initialization duration: 2653ms
